<?xml version="1.0" encoding="UTF-8"?>
<testng-results ignored="0" total="2" passed="2" failed="0" skipped="0">
  <reporter-output>
  </reporter-output>
  <suite started-at="2021-04-30T14:41:09 IST" name="Default suite" finished-at="2021-04-30T14:43:11 IST" duration-ms="121899">
    <groups>
    </groups>
    <test started-at="2021-04-30T14:41:09 IST" name="Default test" finished-at="2021-04-30T14:43:11 IST" duration-ms="121899">
      <class name="E2EFramework.HomePage">
        <test-method is-config="true" signature="initialize()[pri:0, instance:E2EFramework.HomePage@696f0212]" started-at="2021-04-30T14:41:09 IST" name="initialize" finished-at="2021-04-30T14:41:31 IST" duration-ms="22025" status="PASS">
          <reporter-output>
          </reporter-output>
        </test-method> <!-- initialize -->
        <test-method signature="basePageNavigation(java.lang.String,java.lang.String,java.lang.String)[pri:0, instance:E2EFramework.HomePage@696f0212]" started-at="2021-04-30T14:41:31 IST" name="basePageNavigation" data-provider="getData" finished-at="2021-04-30T14:42:47 IST" duration-ms="75322" status="PASS">
          <params>
            <param index="0">
              <value>
                <![CDATA[nonrestricteduser@qw.com]]>
              </value>
            </param>
            <param index="1">
              <value>
                <![CDATA[123456]]>
              </value>
            </param>
            <param index="2">
              <value>
                <![CDATA[Restrcited User]]>
              </value>
            </param>
          </params>
          <reporter-output>
          </reporter-output>
        </test-method> <!-- basePageNavigation -->
        <test-method signature="basePageNavigation(java.lang.String,java.lang.String,java.lang.String)[pri:0, instance:E2EFramework.HomePage@696f0212]" started-at="2021-04-30T14:42:47 IST" name="basePageNavigation" data-provider="getData" finished-at="2021-04-30T14:43:09 IST" duration-ms="22457" status="PASS">
          <params>
            <param index="0">
              <value>
                <![CDATA[restricteduser@qw.com]]>
              </value>
            </param>
            <param index="1">
              <value>
                <![CDATA[456788]]>
              </value>
            </param>
            <param index="2">
              <value>
                <![CDATA[Non restricted user]]>
              </value>
            </param>
          </params>
          <reporter-output>
          </reporter-output>
        </test-method> <!-- basePageNavigation -->
        <test-method is-config="true" signature="teardown()[pri:0, instance:E2EFramework.HomePage@696f0212]" started-at="2021-04-30T14:43:09 IST" name="teardown" finished-at="2021-04-30T14:43:11 IST" duration-ms="1979" status="PASS">
          <reporter-output>
          </reporter-output>
        </test-method> <!-- teardown -->
      </class> <!-- E2EFramework.HomePage -->
    </test> <!-- Default test -->
  </suite> <!-- Default suite -->
</testng-results>
